<?xml version="1.0" encoding="UTF-8"?>
<!-- Generated by org.testng.reporters.JUnitReportReporter -->
<testsuite hostname="ajay.kumar-MacBookPro" failures="0" tests="1" name="TestSuite.Android" time="195.477" errors="0" timestamp="2024-09-02T19:59:11 IST" skipped="0">
  <testcase classname="TestSuite.Android" name="sanityrideFlow" time="195.477"/>
  <system-out/>
</testsuite> <!-- TestSuite.Android -->
